\BOOKMARK [1][-]{section.1}{Overview}{}% 1
\BOOKMARK [2][-]{subsection.1.1}{Obtaining Exasim}{section.1}% 2
\BOOKMARK [2][-]{subsection.1.2}{Installing External Packages}{section.1}% 3
\BOOKMARK [2][-]{subsection.1.3}{Examples}{section.1}% 4
\BOOKMARK [2][-]{subsection.1.4}{PDE Models}{section.1}% 5
\BOOKMARK [2][-]{subsection.1.5}{Finite Element Mesh}{section.1}% 6
\BOOKMARK [2][-]{subsection.1.6}{Discretization Methods}{section.1}% 7
\BOOKMARK [2][-]{subsection.1.7}{Matrix-Free Iterative Solvers}{section.1}% 8
\BOOKMARK [2][-]{subsection.1.8}{Visualization}{section.1}% 9
\BOOKMARK [2][-]{subsection.1.9}{Reporting Issues and Suggesting Improvements}{section.1}% 10
\BOOKMARK [1][-]{section.2}{Parametrized PDE Models}{}% 11
\BOOKMARK [2][-]{subsection.2.1}{Model C: Convection Model}{section.2}% 12
\BOOKMARK [2][-]{subsection.2.2}{Model D: Convection-Diffusion Model}{section.2}% 13
\BOOKMARK [2][-]{subsection.2.3}{Model W: Wave Model}{section.2}% 14
\BOOKMARK [2][-]{subsection.2.4}{Differential-Algebraic Equations}{section.2}% 15
\BOOKMARK [2][-]{subsection.2.5}{High-Order PDE Models}{section.2}% 16
\BOOKMARK [2][-]{subsection.2.6}{PDE Model File}{section.2}% 17
\BOOKMARK [1][-]{section.3}{Coupled PDE Models}{}% 18
\BOOKMARK [2][-]{subsection.3.1}{Triangular Coupled PDE Models}{section.3}% 19
\BOOKMARK [1][-]{section.4}{Geometry Model and Finite Element Mesh}{}% 20
\BOOKMARK [2][-]{subsection.4.1}{Geometry Model}{section.4}% 21
\BOOKMARK [2][-]{subsection.4.2}{Finite Element Mesh}{section.4}% 22
\BOOKMARK [2][-]{subsection.4.3}{High-Order Finite Element Mesh}{section.4}% 23
\BOOKMARK [1][-]{section.5}{Exasim}{}% 24
\BOOKMARK [2][-]{subsection.5.1}{3D Poisson Equation as ``Hello, World''}{section.5}% 25
\BOOKMARK [2][-]{subsection.5.2}{Backward Compatibility}{section.5}% 26
\BOOKMARK [2][-]{subsection.5.3}{Exasim Modules}{section.5}% 27
\BOOKMARK [2][-]{subsection.5.4}{PDE Object and Mesh Object}{section.5}% 28
\BOOKMARK [2][-]{subsection.5.5}{PDE Model File}{section.5}% 29
\BOOKMARK [2][-]{subsection.5.6}{Setting Parameters}{section.5}% 30
\BOOKMARK [2][-]{subsection.5.7}{Finite Element Mesh}{section.5}% 31
\BOOKMARK [2][-]{subsection.5.8}{Code Generation}{section.5}% 32
\BOOKMARK [2][-]{subsection.5.9}{Visualization}{section.5}% 33
\BOOKMARK [2][-]{subsection.5.10}{Compiling Options}{section.5}% 34
\BOOKMARK [1][-]{section.6}{Using Exasim on Supercomputers}{}% 35
\BOOKMARK [2][-]{subsection.6.1}{Producing C++ Source Code}{section.6}% 36
\BOOKMARK [2][-]{subsection.6.2}{Deploying C++ Source Code}{section.6}% 37
\BOOKMARK [2][-]{subsection.6.3}{Performing Parametric Studies}{section.6}% 38
\BOOKMARK [1][-]{section.7}{Discontinuous Galerkin Methods}{}% 39
\BOOKMARK [2][-]{subsection.7.1}{Approximation Spaces}{section.7}% 40
\BOOKMARK [2][-]{subsection.7.2}{Weak Formulation}{section.7}% 41
\BOOKMARK [2][-]{subsection.7.3}{Examples of DG Methods}{section.7}% 42
\BOOKMARK [2][-]{subsection.7.4}{Implementing Other DG Methods}{section.7}% 43
\BOOKMARK [2][-]{subsection.7.5}{Implementing Boundary Conditions}{section.7}% 44
