\BOOKMARK [1][-]{section.1}{Overview}{}% 1
\BOOKMARK [2][-]{subsection.1.1}{Obtaining Exasim}{section.1}% 2
\BOOKMARK [2][-]{subsection.1.2}{Installing External Packages}{section.1}% 3
\BOOKMARK [2][-]{subsection.1.3}{Examples}{section.1}% 4
\BOOKMARK [2][-]{subsection.1.4}{PDE Models}{section.1}% 5
\BOOKMARK [2][-]{subsection.1.5}{Finite Element Mesh}{section.1}% 6
\BOOKMARK [2][-]{subsection.1.6}{Discretization Methods}{section.1}% 7
\BOOKMARK [2][-]{subsection.1.7}{Matrix-Free Iterative Solvers}{section.1}% 8
\BOOKMARK [2][-]{subsection.1.8}{Visualization}{section.1}% 9
\BOOKMARK [2][-]{subsection.1.9}{Reporting Issues and Suggesting Improvements}{section.1}% 10
\BOOKMARK [1][-]{section.2}{Parametrized PDE Models}{}% 11
\BOOKMARK [2][-]{subsection.2.1}{Model C: Convection Model}{section.2}% 12
\BOOKMARK [2][-]{subsection.2.2}{Model D: Convection-Diffusion Model}{section.2}% 13
\BOOKMARK [2][-]{subsection.2.3}{Model W: Wave Model}{section.2}% 14
\BOOKMARK [2][-]{subsection.2.4}{High-Order PDE Models}{section.2}% 15
\BOOKMARK [2][-]{subsection.2.5}{PDE Model File}{section.2}% 16
\BOOKMARK [1][-]{section.3}{Geometry Model and Finite Element Mesh}{}% 17
\BOOKMARK [2][-]{subsection.3.1}{Geometry Model}{section.3}% 18
\BOOKMARK [2][-]{subsection.3.2}{Finite Element Mesh}{section.3}% 19
\BOOKMARK [2][-]{subsection.3.3}{High-Order Finite Element Mesh}{section.3}% 20
\BOOKMARK [1][-]{section.4}{Exasim}{}% 21
\BOOKMARK [2][-]{subsection.4.1}{3D Poisson Equation as ``Hello, World''}{section.4}% 22
\BOOKMARK [2][-]{subsection.4.2}{Backward Compatibility}{section.4}% 23
\BOOKMARK [2][-]{subsection.4.3}{Exasim Modules}{section.4}% 24
\BOOKMARK [2][-]{subsection.4.4}{PDE Object and Mesh Object}{section.4}% 25
\BOOKMARK [2][-]{subsection.4.5}{PDE Model File}{section.4}% 26
\BOOKMARK [2][-]{subsection.4.6}{Setting Parameters}{section.4}% 27
\BOOKMARK [2][-]{subsection.4.7}{Finite Element Mesh}{section.4}% 28
\BOOKMARK [2][-]{subsection.4.8}{Code Generation}{section.4}% 29
\BOOKMARK [2][-]{subsection.4.9}{Visualization}{section.4}% 30
\BOOKMARK [2][-]{subsection.4.10}{Compiling Options}{section.4}% 31
\BOOKMARK [1][-]{section.5}{Using Exasim on Supercomputers}{}% 32
\BOOKMARK [2][-]{subsection.5.1}{Producing C++ Source Code}{section.5}% 33
\BOOKMARK [2][-]{subsection.5.2}{Deploying C++ Source Code}{section.5}% 34
\BOOKMARK [2][-]{subsection.5.3}{Performing Parametric Studies}{section.5}% 35
\BOOKMARK [1][-]{section.6}{Discontinuous Galerkin Methods}{}% 36
\BOOKMARK [2][-]{subsection.6.1}{Approximation Spaces}{section.6}% 37
\BOOKMARK [2][-]{subsection.6.2}{Weak Formulation}{section.6}% 38
\BOOKMARK [2][-]{subsection.6.3}{Examples of DG Methods}{section.6}% 39
\BOOKMARK [2][-]{subsection.6.4}{Implementing Other DG Methods}{section.6}% 40
\BOOKMARK [2][-]{subsection.6.5}{Implementing Boundary Conditions}{section.6}% 41
